0 info it worked if it ends with ok
1 verbose cli [ 'C:\\Program Files\\nodejs\\node.exe',
1 verbose cli   'C:\\Program Files\\nodejs\\node_modules\\npm\\bin\\npm-cli.js',
1 verbose cli   'run',
1 verbose cli   'serve' ]
2 info using npm@3.8.6
3 info using node@v6.0.0
4 verbose run-script [ 'preserve', 'serve', 'postserve' ]
5 info lifecycle project_name@0.0.1~preserve: project_name@0.0.1
6 silly lifecycle project_name@0.0.1~preserve: no script for preserve, continuing
7 info lifecycle project_name@0.0.1~serve: project_name@0.0.1
8 verbose lifecycle project_name@0.0.1~serve: unsafe-perm in lifecycle true
9 verbose lifecycle project_name@0.0.1~serve: PATH: C:\Users\Tode\AppData\Roaming\nvm\v6.0.0\node_modules\npm\bin\node-gyp-bin;D:\Socket9\S9 Projects\plantoys-ui\node_modules\.bin;C:\Program Files\nodejs;C:\Users\Tode\AppData\Roaming\nvm\v6.0.0\node_modules\npm\bin\node-gyp-bin;D:\Socket9\S9 Projects\plantoys-ui\node_modules\.bin;C:\Program Files\nodejs;D:\Cmder\bin;D:\Cmder\vendor\conemu-maximus5\ConEmu\Scripts;D:\Cmder\bin;D:\Cmder\vendor\conemu-maximus5\ConEmu\Scripts;D:\Cmder\vendor\conemu-maximus5;D:\Cmder\vendor\conemu-maximus5\ConEmu;C:\ProgramData\Oracle\Java\javapath;C:\Program Files\ImageMagick-6.9.1-Q16;C:\Windows\system32;C:\Windows;C:\Windows\System32\Wbem;C:\Windows\System32\WindowsPowerShell\v1.0\;C:\Program Files\Lenovo\Bluetooth Software\;C:\Program Files\Lenovo\Bluetooth Software\syswow64;C:\Program Files\Microsoft SQL Server\110\Tools\Binn\;C:\Program Files\Microsoft SQL Server\120\Tools\Binn\;C:\Program Files\Microsoft\Web Platform Installer\;C:\wamp\bin\php\php5.5.12;C:\ProgramData\ComposerSetup\bin;C:\Python34;C:\Program Files\TortoiseSVN\bin;C:\Program Files\Microsoft SQL Server\130\Tools\Binn\;C:\Program Files\dotnet\;C:\Program Files (x86)\dotnet\;C:\Program Files\Microsoft DNX\Dnvm\;C:\Program Files (x86)\VisualSVN\bin;C:\Program Files\Git\cmd;C:\Users\Tode\AppData\Roaming\nvm;C:\Program Files\nodejs;C:\Program Files (x86)\Yarn\bin;D:\ProgramFiles\Android\android-sdk\platform-tools;C:\Users\Tode\.dnx\bin;C:\Users\Tode\AppData\Local\atom\bin;C:\Users\Tode\AppData\Roaming\npm;C:\Users\Tode\AppData\Roaming\nvm;C:\Program Files\nodejs;C:\Users\Tode\AppData\Local\Yarn\bin;C:\Program Files\Microsoft VS Code\bin;C:\Program Files\Git\usr\bin;C:\Program Files\Git\usr\share\vim\vim74;D:\Cmder\;C:\Program Files\Git\usr\bin;C:\Program Files\Git\usr\share\vim\vim74;D:\Cmder\
10 verbose lifecycle project_name@0.0.1~serve: CWD: D:\Socket9\S9 Projects\plantoys-ui
11 silly lifecycle project_name@0.0.1~serve: Args: [ '/d /s /c', 'lite-server' ]
12 silly lifecycle project_name@0.0.1~serve: Returned: code: 1  signal: null
13 info lifecycle project_name@0.0.1~serve: Failed to exec serve script
14 verbose stack Error: project_name@0.0.1 serve: `lite-server`
14 verbose stack Exit status 1
14 verbose stack     at EventEmitter.<anonymous> (C:\Users\Tode\AppData\Roaming\nvm\v6.0.0\node_modules\npm\lib\utils\lifecycle.js:239:16)
14 verbose stack     at emitTwo (events.js:106:13)
14 verbose stack     at EventEmitter.emit (events.js:191:7)
14 verbose stack     at ChildProcess.<anonymous> (C:\Users\Tode\AppData\Roaming\nvm\v6.0.0\node_modules\npm\lib\utils\spawn.js:24:14)
14 verbose stack     at emitTwo (events.js:106:13)
14 verbose stack     at ChildProcess.emit (events.js:191:7)
14 verbose stack     at maybeClose (internal/child_process.js:850:16)
14 verbose stack     at Process.ChildProcess._handle.onexit (internal/child_process.js:215:5)
15 verbose pkgid project_name@0.0.1
16 verbose cwd D:\Socket9\S9 Projects\plantoys-ui
17 error Windows_NT 6.1.7601
18 error argv "C:\\Program Files\\nodejs\\node.exe" "C:\\Program Files\\nodejs\\node_modules\\npm\\bin\\npm-cli.js" "run" "serve"
19 error node v6.0.0
20 error npm  v3.8.6
21 error code ELIFECYCLE
22 error project_name@0.0.1 serve: `lite-server`
22 error Exit status 1
23 error Failed at the project_name@0.0.1 serve script 'lite-server'.
23 error Make sure you have the latest version of node.js and npm installed.
23 error If you do, this is most likely a problem with the project_name package,
23 error not with npm itself.
23 error Tell the author that this fails on your system:
23 error     lite-server
23 error You can get information on how to open an issue for this project with:
23 error     npm bugs project_name
23 error Or if that isn't available, you can get their info via:
23 error     npm owner ls project_name
23 error There is likely additional logging output above.
24 verbose exit [ 1, true ]
